<?xml version="1.0" encoding="UTF-8"?>
<testsuite xmlns:xsi="http://www.w3.org/2001/XMLSchema-instance" xsi:noNamespaceSchemaLocation="https://maven.apache.org/surefire/maven-surefire-plugin/xsd/surefire-test-report.xsd" name="io.airbrake.weather.WeatherApplicationTests" time="1.141" tests="4" errors="0" skipped="0" failures="0">
  <properties>
[...]
</properties>
  <testcase name="getWeather" classname="io.airbrake.weather.WeatherApplicationTests" time="0.208"/>
  <testcase name="getLocations" classname="io.airbrake.weather.WeatherApplicationTests" time="0.008"/>
  <testcase name="getDate" classname="io.airbrake.weather.WeatherApplicationTests" time="0.013"/>
  <testcase name="checkIfWeatherIsNotAvailable" classname="io.airbrake.weather.WeatherApplicationTests" time="0.012"/>
</testsuite>